#
# There is insufficient memory for the Java Runtime Environment to continue.
# Native memory allocation (mmap) failed to map 264241152 bytes for G1 virtual space
# Possible reasons:
#   The system is out of physical RAM or swap space
#   The process is running with CompressedOops enabled, and the Java Heap may be blocking the growth of the native heap
# Possible solutions:
#   Reduce memory load on the system
#   Increase physical memory or swap space
#   Check if swap backing store is full
#   Decrease Java heap size (-Xmx/-Xms)
#   Decrease number of Java threads
#   Decrease Java thread stack sizes (-Xss)
#   Set larger code cache with -XX:ReservedCodeCacheSize=
#   JVM is running with Zero Based Compressed Oops mode in which the Java heap is
#     placed in the first 32GB address space. The Java Heap base address is the
#     maximum limit for the native heap growth. Please use -XX:HeapBaseMinAddress
#     to set the Java Heap base and to place the Java Heap above 32GB virtual address.
# This output file may be truncated or incomplete.
#
#  Out of Memory Error (os_windows.cpp:3466), pid=11688, tid=16624
#
# JRE version:  (16.0.2+7) (build )
# Java VM: OpenJDK 64-Bit Server VM (16.0.2+7-67, mixed mode, sharing, tiered, compressed oops, compressed class ptrs, g1 gc, windows-amd64)
# No core dump will be written. Minidumps are not enabled by default on client versions of Windows
#

---------------  S U M M A R Y ------------

Command Line: -Dfile.encoding=Cp1252 -XX:+ShowCodeDetailsInExceptionMessages es.studium.practicaDos.AltaTicket

Host: Intel(R) Pentium(R) Silver J5005 CPU @ 1.50GHz, 4 cores, 15G,  Windows 10 , 64 bit Build 22000 (10.0.22000.318)
Time: Sun Dec  5 19:18:10 2021 Hora estándar romance elapsed time: 0.023332 seconds (0d 0h 0m 0s)

---------------  T H R E A D  ---------------

Current thread (0x000002b6c765a9d0):  JavaThread "Unknown thread" [_thread_in_vm, id=16624, stack(0x000000c3c1b00000,0x000000c3c1c00000)]

Stack: [0x000000c3c1b00000,0x000000c3c1c00000]
Native frames: (J=compiled Java code, j=interpreted, Vv=VM code, C=native code)
V  [jvm.dll+0x6681ca]
V  [jvm.dll+0x7c9e69]
V  [jvm.dll+0x7cb61e]
V  [jvm.dll+0x7cbc73]
V  [jvm.dll+0x242c55]
V  [jvm.dll+0x664f89]
V  [jvm.dll+0x659b75]
V  [jvm.dll+0x2fbfbb]
V  [jvm.dll+0x3031b6]
V  [jvm.dll+0x35299e]
V  [jvm.dll+0x352bcf]
V  [jvm.dll+0x2d3028]
V  [jvm.dll+0x2d4264]
V  [jvm.dll+0x79c741]
V  [jvm.dll+0x360791]
V  [jvm.dll+0x77a3f0]
V  [jvm.dll+0x3e4e8f]
V  [jvm.dll+0x3e6961]
C  [jli.dll+0x52fb]
C  [ucrtbase.dll+0x26c0c]
C  [KERNEL32.DLL+0x154e0]
C  [ntdll.dll+0x485b]


---------------  P R O C E S S  ---------------

Threads class SMR info:
_java_thread_list=0x00007ffddba6cbb8, length=0, elements={
}

Java Threads: ( => current thread )

Other Threads:
  0x000002b6c76a9340 GCTaskThread "GC Thread#0" [stack: 0x000000c3c1c00000,0x000000c3c1d00000] [id=16200]
  0x000002b6c76ba720 ConcurrentGCThread "G1 Main Marker" [stack: 0x000000c3c1d00000,0x000000c3c1e00000] [id=13508]
  0x000002b6c76bc1a0 ConcurrentGCThread "G1 Conc#0" [stack: 0x000000c3c1e00000,0x000000c3c1f00000] [id=17736]

[error occurred during error reporting (printing all threads), id 0xc0000005, EXCEPTION_ACCESS_VIOLATION (0xc0000005) at pc=0x00007ffddb243ee7]

VM state: not at safepoint (not fully initialized)

VM Mutex/Monitor currently owned by a thread:  ([mutex/lock_event])
[0x000002b6c7657750] Heap_lock - owner thread: 0x000002b6c765a9d0

Heap address: 0x0000000705000000, size: 4016 MB, Compressed Oops mode: Zero based, Oop shift amount: 3

CDS archive(s) mapped at: [0x0000000000000000-0x0000000000000000-0x0000000000000000), size 0, SharedBaseAddress: 0x0000000800000000, ArchiveRelocationMode: 0.
Narrow klass base: 0x0000000000000000, Narrow klass shift: 0, Narrow klass range: 0x0

GC Precious Log:
<Empty>

Heap:
 garbage-first heap   total 0K, used 0K [0x0000000705000000, 0x0000000800000000)
  region size 2048K, 0 young (0K), 0 survivors (0K)

[error occurred during error reporting (printing heap information), id 0xc0000005, EXCEPTION_ACCESS_VIOLATION (0xc0000005) at pc=0x00007ffddb621eed]

GC Heap History (0 events):
No events

Deoptimization events (0 events):
No events

Classes unloaded (0 events):
No events

Classes redefined (0 events):
No events

Internal exceptions (0 events):
No events

Events (1 events):
Event: 0.016 Loaded shared library C:\Users\clja1\.p2\pool\plugins\org.eclipse.justj.openjdk.hotspot.jre.full.win32.x86_64_16.0.2.v20210721-1149\jre\bin\java.dll


Dynamic libraries:
0x00007ff604080000 - 0x00007ff60408e000 	C:\Users\clja1\.p2\pool\plugins\org.eclipse.justj.openjdk.hotspot.jre.full.win32.x86_64_16.0.2.v20210721-1149\jre\bin\javaw.exe
0x00007ffe5c6c0000 - 0x00007ffe5c8c7000 	C:\WINDOWS\SYSTEM32\ntdll.dll
0x00007ffe5b640000 - 0x00007ffe5b6fd000 	C:\WINDOWS\System32\KERNEL32.DLL
0x00007ffe5a1d0000 - 0x00007ffe5a544000 	C:\WINDOWS\System32\KERNELBASE.dll
0x00007ffe59f90000 - 0x00007ffe5a0a1000 	C:\WINDOWS\System32\ucrtbase.dll
0x00007ffe34e40000 - 0x00007ffe34e58000 	C:\Users\clja1\.p2\pool\plugins\org.eclipse.justj.openjdk.hotspot.jre.full.win32.x86_64_16.0.2.v20210721-1149\jre\bin\jli.dll
0x00007ffe5b910000 - 0x00007ffe5babc000 	C:\WINDOWS\System32\USER32.dll
0x00007ffe59f60000 - 0x00007ffe59f86000 	C:\WINDOWS\System32\win32u.dll
0x00007ffe5b110000 - 0x00007ffe5b139000 	C:\WINDOWS\System32\GDI32.dll
0x00007ffe5a0b0000 - 0x00007ffe5a1c2000 	C:\WINDOWS\System32\gdi32full.dll
0x00007ffe59ba0000 - 0x00007ffe59c3d000 	C:\WINDOWS\System32\msvcp_win.dll
0x00007ffe34e20000 - 0x00007ffe34e39000 	C:\Users\clja1\.p2\pool\plugins\org.eclipse.justj.openjdk.hotspot.jre.full.win32.x86_64_16.0.2.v20210721-1149\jre\bin\VCRUNTIME140.dll
0x00007ffe3e680000 - 0x00007ffe3e925000 	C:\WINDOWS\WinSxS\amd64_microsoft.windows.common-controls_6595b64144ccf1df_6.0.22000.120_none_9d947278b86cc467\COMCTL32.dll
0x00007ffe5ade0000 - 0x00007ffe5ae83000 	C:\WINDOWS\System32\msvcrt.dll
0x00007ffe5c530000 - 0x00007ffe5c561000 	C:\WINDOWS\System32\IMM32.DLL
0x00007ffe4a3c0000 - 0x00007ffe4a3cc000 	C:\Users\clja1\.p2\pool\plugins\org.eclipse.justj.openjdk.hotspot.jre.full.win32.x86_64_16.0.2.v20210721-1149\jre\bin\vcruntime140_1.dll
0x00007ffe1cfd0000 - 0x00007ffe1d061000 	C:\Users\clja1\.p2\pool\plugins\org.eclipse.justj.openjdk.hotspot.jre.full.win32.x86_64_16.0.2.v20210721-1149\jre\bin\msvcp140.dll
0x00007ffddaf60000 - 0x00007ffddbb0b000 	C:\Users\clja1\.p2\pool\plugins\org.eclipse.justj.openjdk.hotspot.jre.full.win32.x86_64_16.0.2.v20210721-1149\jre\bin\server\jvm.dll
0x00007ffe5c100000 - 0x00007ffe5c1ac000 	C:\WINDOWS\System32\ADVAPI32.dll
0x00007ffe5b070000 - 0x00007ffe5b10d000 	C:\WINDOWS\System32\sechost.dll
0x00007ffe5b1c0000 - 0x00007ffe5b2e1000 	C:\WINDOWS\System32\RPCRT4.dll
0x00007ffe5afb0000 - 0x00007ffe5afb8000 	C:\WINDOWS\System32\PSAPI.DLL
0x00007ffe570f0000 - 0x00007ffe570f9000 	C:\WINDOWS\SYSTEM32\WSOCK32.dll
0x00007ffe5b700000 - 0x00007ffe5b76f000 	C:\WINDOWS\System32\WS2_32.dll
0x00007ffe4b400000 - 0x00007ffe4b433000 	C:\WINDOWS\SYSTEM32\WINMM.dll
0x00007ffe4bcd0000 - 0x00007ffe4bcda000 	C:\WINDOWS\SYSTEM32\VERSION.dll
0x00007ffe58cc0000 - 0x00007ffe58cd8000 	C:\WINDOWS\SYSTEM32\kernel.appcore.dll
0x00007ffe42ed0000 - 0x00007ffe42eda000 	C:\Users\clja1\.p2\pool\plugins\org.eclipse.justj.openjdk.hotspot.jre.full.win32.x86_64_16.0.2.v20210721-1149\jre\bin\jimage.dll
0x00007ffe56a30000 - 0x00007ffe56c51000 	C:\WINDOWS\SYSTEM32\DBGHELP.DLL
0x00007ffe570b0000 - 0x00007ffe570e1000 	C:\WINDOWS\SYSTEM32\dbgcore.DLL
0x00007ffe59db0000 - 0x00007ffe59e30000 	C:\WINDOWS\System32\bcryptPrimitives.dll
0x00007ffe23ed0000 - 0x00007ffe23ef5000 	C:\Users\clja1\.p2\pool\plugins\org.eclipse.justj.openjdk.hotspot.jre.full.win32.x86_64_16.0.2.v20210721-1149\jre\bin\java.dll

dbghelp: loaded successfully - version: 4.0.5 - missing functions: none
symbol engine: initialized successfully - sym options: 0x614 - pdb path: .;C:\Users\clja1\.p2\pool\plugins\org.eclipse.justj.openjdk.hotspot.jre.full.win32.x86_64_16.0.2.v20210721-1149\jre\bin;C:\WINDOWS\SYSTEM32;C:\WINDOWS\WinSxS\amd64_microsoft.windows.common-controls_6595b64144ccf1df_6.0.22000.120_none_9d947278b86cc467;C:\Users\clja1\.p2\pool\plugins\org.eclipse.justj.openjdk.hotspot.jre.full.win32.x86_64_16.0.2.v20210721-1149\jre\bin\server

VM Arguments:
jvm_args: -Dfile.encoding=Cp1252 -XX:+ShowCodeDetailsInExceptionMessages 
java_command: es.studium.practicaDos.AltaTicket
java_class_path (initial): C:\Users\clja1\eclipse-workspace\mysql-connector-java-8.0.23.jar;C:\Users\clja1\eclipse-worhspace-2\Practica4_DI\bin
Launcher Type: SUN_STANDARD

[Global flags]
     intx CICompilerCount                          = 3                                         {product} {ergonomic}
     uint ConcGCThreads                            = 1                                         {product} {ergonomic}
     uint G1ConcRefinementThreads                  = 4                                         {product} {ergonomic}
   size_t G1HeapRegionSize                         = 2097152                                   {product} {ergonomic}
    uintx GCDrainStackTargetSize                   = 64                                        {product} {ergonomic}
   size_t InitialHeapSize                          = 264241152                                 {product} {ergonomic}
   size_t MarkStackSize                            = 4194304                                   {product} {ergonomic}
   size_t MaxHeapSize                              = 4211081216                                {product} {ergonomic}
   size_t MinHeapDeltaBytes                        = 2097152                                   {product} {ergonomic}
   size_t MinHeapSize                              = 8388608                                   {product} {ergonomic}
    uintx NonNMethodCodeHeapSize                   = 5832780                                {pd product} {ergonomic}
    uintx NonProfiledCodeHeapSize                  = 122912730                              {pd product} {ergonomic}
    uintx ProfiledCodeHeapSize                     = 122912730                              {pd product} {ergonomic}
    uintx ReservedCodeCacheSize                    = 251658240                              {pd product} {ergonomic}
     bool SegmentedCodeCache                       = true                                      {product} {ergonomic}
     bool ShowCodeDetailsInExceptionMessages       = true                                   {manageable} {command line}
   size_t SoftMaxHeapSize                          = 4211081216                             {manageable} {ergonomic}
     bool UseCompressedClassPointers               = true                           {product lp64_product} {ergonomic}
     bool UseCompressedOops                        = true                           {product lp64_product} {ergonomic}
     bool UseG1GC                                  = true                                      {product} {ergonomic}
     bool UseLargePagesIndividualAllocation        = false                                  {pd product} {ergonomic}

Logging:
Log output configuration:
 #0: stdout all=warning uptime,level,tags
 #1: stderr all=off uptime,level,tags

Environment Variables:
PATH=C:/Users/clja1/.p2/pool/plugins/org.eclipse.justj.openjdk.hotspot.jre.full.win32.x86_64_16.0.2.v20210721-1149/jre/bin/server;C:/Users/clja1/.p2/pool/plugins/org.eclipse.justj.openjdk.hotspot.jre.full.win32.x86_64_16.0.2.v20210721-1149/jre/bin;C:\Program Files\Common Files\Oracle\Java\javapath;C:\Program Files (x86)\Common Files\Oracle\Java\javapath;C:\WINDOWS\system32;C:\WINDOWS;C:\WINDOWS\System32\Wbem;C:\WINDOWS\System32\WindowsPowerShell\v1.0\;C:\WINDOWS\System32\OpenSSH\;C:\Program Files\MongoDB\Server\5.0\bin;C:\Program Files\MySQL\MySQL Server 8.0\bin;C:\Program Files\AutoFirma\AutoFirma;C:\Program Files\Android\Android Studio\jre\bin;C:\Users\clja1\AppData\Local\Programs\Python\Python39\Scripts\;C:\Users\clja1\AppData\Local\Programs\Python\Python39\;C:\Program Files\MySQL\MySQL Shell 8.0\bin\;C:\Users\clja1\AppData\Local\Microsoft\WindowsApps;C:\Users\clja1\AppData\Local\Programs\Microsoft VS Code\bin;C:\Program Files\MongoDB\Server\5.0\bin;;C:\WINDOWS\system32;
USERNAME=Anka Motz
OS=Windows_NT
PROCESSOR_IDENTIFIER=Intel64 Family 6 Model 122 Stepping 1, GenuineIntel



---------------  S Y S T E M  ---------------

OS:
 Windows 10 , 64 bit Build 22000 (10.0.22000.318)
OS uptime: 1 days 11:20 hours

CPU: total 4 (initial active 4) (4 cores per cpu, 1 threads per core) family 6 model 122 stepping 1 microcode 0x34, cx8, cmov, fxsr, mmx, 3dnowpref, sse, sse2, sse3, ssse3, sse4.1, sse4.2, popcnt, tsc, tscinvbit, aes, erms, clmul, sha, clflush, clflushopt

Memory: 4k page, system-wide physical 16058M (3813M free)
TotalPageFile size 41150M (AvailPageFile size 192M)
current process WorkingSet (physical memory assigned to process): 10M, peak: 10M
current process commit charge ("private bytes"): 51M, peak: 303M

vm_info: OpenJDK 64-Bit Server VM (16.0.2+7-67) for windows-amd64 JRE (16.0.2+7-67), built on Jun  8 2021 23:21:43 by "mach5one" with MS VC++ 16.7 (VS2019)

END.
